2019.06.27, 13:54:16.0665 UTC -> /instagram/publish/video/ -> [object Object]
2019.06.27, 13:54:16.0673 UTC -> downloading video and image..
2019.06.27, 13:54:54.0675 UTC -> timeout for downloading finished
2019.06.27, 13:54:57.0727 UTC -> sending video, waiting for timeout 50 secs...
2019.06.27, 13:54:57.0728 UTC -> video response from instagram
2019.06.27, 13:55:57.0731 UTC -> timeout Finished...
2019.06.27, 13:55:57.0736 UTC -> sending configureVideo to instagram
2019.06.27, 14:00:00.0008 UTC -> 0
2019.06.27, 14:00:00.0466 UTC -> Pagina White problems no encontrada
2019.06.27, 14:20:00.0008 UTC -> 20
2019.06.27, 14:20:00.0492 UTC -> Pagina O Brasil que deu Certo no encontrada
2019.06.27, 14:32:43.0589 UTC -> /instagram/publish/image/ -> [object Object]
2019.06.27, 14:34:30.0681 UTC -> /instagram/publish/image/ -> [object Object]
2019.06.27, 14:36:32.0093 UTC -> /instagram/publish/image/ -> [object Object]
2019.06.27, 15:03:50.0893 UTC -> /instagram/publish/image/ -> [object Object]
2019.06.27, 15:10:31.0747 UTC -> postMemeVideo from : undefined
2019.06.27, 15:10:31.0747 UTC -> postMemeVideo: {"caption":null,"translate":true,"video":"https://scontent-ort2-1.cdninstagram.com/v/t50.2886-16/65330432_189190462072671_2705631137591757835_n.mp4?efg=eyJ2ZW5jb2RlX3RhZyI6InZ0c192b2RfdXJsZ2VuLjcyMC5mZWVkIn0&_nc_ht=scontent-ort2-1.cdninstagram.com&vs=18068707903079982_661084963&_nc_vs=HBksFQAYJEdBRGQ1QU5mWjBsV0Vhd0FBQXVNWkVFdlZZd2xia1lMQUFBRhUAABUAGCRHRml0NmdPYmNYU3drNUlBQUxBSGR2ZVdwNVI2YmtZTEFBQUYVAgAoABgAGwGIB3VzZV9vaWwBMBUAABgAFtyq08mb2ZhAFQIZBRgCQzMsF0Al3bItDlYEGBJkYXNoX2Jhc2VsaW5lXzFfdjERAHXqBwA%3D&_nc_rid=e601cfbc36&oe=5D175FC4&oh=f735d65615c3bc412e6bf3f67b54cad5","image":"https://scontent-ort2-1.cdninstagram.com/vp/e758ad67aada62c69a660d02745e8d22/5D17F0D6/t51.2885-15/e35/62596594_400910567301989_2051679244111306142_n.jpg?_nc_ht=scontent-ort2-1.cdninstagram.com","category":"memesland","instagram_account_id":2484011421,"instagram_id":"2074446534518611837_2484011421","video_duration":10.93}
2019.06.29, 21:10:00.0612 UTC -> post pushado !
2019.06.29, 21:10:00.0613 UTC -> post pushado !
2019.06.29, 21:12:00.0393 UTC -> post pushado !
2019.06.29, 21:12:00.0394 UTC -> post pushado !
2019.06.29, 21:12:00.0396 UTC -> post pushado !
2019.06.29, 21:12:00.0397 UTC -> post pushado !
2019.06.29, 21:14:00.0563 UTC -> post pushado !
2019.06.29, 21:14:00.0564 UTC -> post pushado !
2019.06.29, 21:14:00.0566 UTC -> post pushado !
2019.06.29, 21:14:00.0568 UTC -> post pushado !
2019.06.29, 21:14:00.0569 UTC -> post pushado !
2019.06.29, 21:14:00.0571 UTC -> post pushado !
2019.06.29, 21:14:00.0574 UTC -> post pushado !
2019.06.29, 21:14:00.0577 UTC -> post pushado !
2019.06.29, 21:18:00.0529 UTC -> post pushado !
2019.06.29, 21:18:00.0530 UTC -> post pushado !
2019.06.29, 21:18:00.0533 UTC -> post pushado !
2019.06.29, 21:18:00.0534 UTC -> post pushado !
2019.06.29, 21:18:00.0535 UTC -> post pushado !
2019.06.29, 21:18:00.0536 UTC -> post pushado !
